<?xml version="1.0" encoding="UTF-8"?>
<!-- Generated by org.testng.reporters.JUnitReportReporter -->
<testsuite skipped="0" hostname="DESKTOP-VRB09UN" name="testCases.LoginTest" tests="5" failures="0" timestamp="2022-11-10T21:38:27 EET" time="27.914" errors="0">
  <testcase name="VerifyLoginPanel" time="7.261" classname="testCases.LoginTest"/>
  <system-out/>
  <testcase name="invalidCredentials" time="5.628" classname="testCases.LoginTest"/>
  <system-out/>
  <testcase name="invalidCredentials" time="4.786" classname="testCases.LoginTest"/>
  <system-out/>
  <testcase name="invalidCredentials" time="5.498" classname="testCases.LoginTest"/>
  <system-out/>
  <testcase name="invalidCredentials" time="4.741" classname="testCases.LoginTest"/>
  <system-out/>
</testsuite> <!-- testCases.LoginTest -->
